<?xml version="1.0" encoding="UTF-8"?>
<testng-results skipped="0" failed="0" total="1" passed="1">
  <reporter-output>
  </reporter-output>
  <suite name="com.crm.configiration.AppTest" duration-ms="26025" started-at="2015-11-27T15:41:46Z" finished-at="2015-11-27T15:42:12Z">
    <groups>
    </groups>
    <test name="Command line test" duration-ms="26025" started-at="2015-11-27T15:41:46Z" finished-at="2015-11-27T15:42:12Z">
      <class name="com.crm.configiration.AppTest">
        <test-method status="PASS" signature="test()[pri:0, instance:com.crm.configiration.AppTest@1c05629d]" name="test" duration-ms="25998" started-at="2015-11-27T21:11:46Z" finished-at="2015-11-27T21:12:12Z">
          <reporter-output>
          </reporter-output>
        </test-method> <!-- test -->
      </class> <!-- com.crm.configiration.AppTest -->
    </test> <!-- Command line test -->
  </suite> <!-- com.crm.configiration.AppTest -->
</testng-results>
